<?xml version="1.0" encoding="utf-8" ?>

<head>
    <title>test</title>
    <meta http-equiv="Content-Type" content="text/html;charset=utf-8" />
    <meta name="description" content="TestNG unit test results." />

</head>
<body>

<h1>Test Result</h1>
<table border="1">
    <tr>
        <th>OverView</th>
        <th colspan="7" class="header suite">
            <div >
                <a>run cases sum</a>
            </div>
        </th>
    </tr>
    <tr class="columnHeadings">
        <td> </td>
        <th>all</th>
        <th>excluded</th>
        <th>passed</th>
        <th>faild</th>
        <th>skipped</th>
        <th>duration(S)</th>
        <th>passration</th>
        <th>alltestMethod</th>
        <th>excluedMethod</th>
    </tr>

    <tr>
        <td>TestResult</td>
        <td>19</td>
        <td>0</td>
        <td>18</td>
        <td>1</td>
        <td>0</td>
        <td>3.768</td>
        <td>94.74%</td>
        <td>
                            BicycleInfoTest.getBicycleInfoTest()[pri:0, instance:store.BicycleInfoTest@78d7a8bb]<br/>
                            BookInfoTest.getBookInfoTest()[pri:0, instance:store.BookInfoTest@1686caf8]<br/>
                            BookInfoTest.getWinnerIdTest()[pri:0, instance:store.BookInfoTest@1686caf8]<br/>
                            DeleteExapmle.deleteExampleTest()[pri:0, instance:example.DeleteExapmle@31818dbc]<br/>
                            ErrorExampleTest.errorExampleTest()[pri:0, instance:failed.ErrorExampleTest@6b776b55]<br/>
                            GetExample.getExampleTest()[pri:0, instance:example.GetExample@16a51ac9]<br/>
                            LoginTest.errorPwdLoginTest(java.lang.String, java.lang.String, java.lang.String, java.lang.String, java.lang.String, java.lang.String)[pri:0, instance:login.LoginTest@49940c14]<br/>
                            LoginTest.errorUserNameLoginTest(java.lang.String, java.lang.String)[pri:0, instance:login.LoginTest@49940c14]<br/>
                            LoginTest.passedloginTest(java.lang.String, java.lang.String)[pri:0, instance:login.LoginTest@49940c14]<br/>
                            PostExample.postExampleTest()[pri:0, instance:example.PostExample@30804b08]<br/>
                            PutExample.putExampleTest()[pri:0, instance:example.PutExample@36be1318]<br/>
                    </td>
        <td>
                    </td>
    </tr>
</table>
<br/><br/>
<table border="1">
    <tr>
        <th>PassTests</th>
        <th colspan="9" class="header suite">
            <div >
                <a>pass test case info</a>
            </div>
        </th>
    </tr>
    <tr class="columnHeadings">
        <td> </td>
        <th>testName</th>
        <th>className</th>
        <th>duration</th>
        <th>params</th>
        <th>description</th>
        <th>output</th>
        <th>dependMethod</th>
        <th>remark1</th>
        <th>remark2</th>
    </tr>

        <tr>
        <td>1</td>
        <td>errorPwdLoginTest
                            (描述内容)
            </td>
        <td>login.LoginTest</td>
        <td>1.062</td>
        <td>"/login/test", "{
     username:admin,
     password:admin1
}", "access_token", "rSWamyAYwuHCo7IFAgd1oRpSP7nzL7BF5t7ItqpKViM", "JSESSIONID", null</td>
        <td>描述内容</td>
        <td>
                    </td>
        <td></td>
        <td></td>
        <td>
                    </td>
        <tr>
        <td>2</td>
        <td>errorPwdLoginTest
                            (描述内容)
            </td>
        <td>login.LoginTest</td>
        <td>0.032</td>
        <td>"/login/test", "{
     username:admin,
     password:admin2
}", "access_token", "rSWamyAYwuHCo7IFAgd1oRpSP7nzL7BF5t8ItqpKViM", "JSESSIONID", null</td>
        <td>描述内容</td>
        <td>
                    </td>
        <td></td>
        <td></td>
        <td>
                    </td>
        <tr>
        <td>3</td>
        <td>errorPwdLoginTest
                            (描述内容)
            </td>
        <td>login.LoginTest</td>
        <td>0.031</td>
        <td>"/login/test", "{
     username:admin,
     password:admin3
}", "access_token", "rSWamyAYwuHCo7IFAgd1oRpSP7nzL7BF5t9ItqpKViM", "JSESSIONID", null</td>
        <td>描述内容</td>
        <td>
                    </td>
        <td></td>
        <td></td>
        <td>
                    </td>
        <tr>
        <td>4</td>
        <td>errorPwdLoginTest
                            (描述内容)
            </td>
        <td>login.LoginTest</td>
        <td>0.031</td>
        <td>"/login/test", "{
     username:admin,
     password:admin4
}", "access_token", "rSWamyAYwuHCo7IFAgd1oRpSP7nzL7BF5t10ItqpKViM", "JSESSIONID", null</td>
        <td>描述内容</td>
        <td>
                    </td>
        <td></td>
        <td></td>
        <td>
                    </td>
        <tr>
        <td>5</td>
        <td>errorPwdLoginTest
                            (描述内容)
            </td>
        <td>login.LoginTest</td>
        <td>0.031</td>
        <td>"/login/test", "{
     username:admin,
     password:admin5
}", "access_token", "rSWamyAYwuHCo7IFAgd1oRpSP7nzL7BF5t11ItqpKViM", "JSESSIONID", null</td>
        <td>描述内容</td>
        <td>
                    </td>
        <td></td>
        <td></td>
        <td>
                    </td>
        <tr>
        <td>6</td>
        <td>errorPwdLoginTest
                            (描述内容)
            </td>
        <td>login.LoginTest</td>
        <td>0.016</td>
        <td>"/login/test", "{
     username:admin,
     password:admin6
}", "access_token", "rSWamyAYwuHCo7IFAgd1oRpSP7nzL7BF5t12ItqpKViM", "JSESSIONID", null</td>
        <td>描述内容</td>
        <td>
                    </td>
        <td></td>
        <td></td>
        <td>
                    </td>
        <tr>
        <td>7</td>
        <td>errorPwdLoginTest
                            (描述内容)
            </td>
        <td>login.LoginTest</td>
        <td>0.031</td>
        <td>"/login/test", "{
     username:admin,
     password:admin7
}", "access_token", "rSWamyAYwuHCo7IFAgd1oRpSP7nzL7BF5t13ItqpKViM", "JSESSIONID", null</td>
        <td>描述内容</td>
        <td>
                    </td>
        <td></td>
        <td></td>
        <td>
                    </td>
        <tr>
        <td>8</td>
        <td>errorUserNameLoginTest
            </td>
        <td>login.LoginTest</td>
        <td>0.031</td>
        <td>"user1", "admin"</td>
        <td></td>
        <td>
                    </td>
        <td></td>
        <td></td>
        <td>
                    </td>
        <tr>
        <td>9</td>
        <td>errorUserNameLoginTest
            </td>
        <td>login.LoginTest</td>
        <td>0.031</td>
        <td>"user2", "admin"</td>
        <td></td>
        <td>
                    </td>
        <td></td>
        <td></td>
        <td>
                    </td>
        <tr>
        <td>10</td>
        <td>errorUserNameLoginTest
            </td>
        <td>login.LoginTest</td>
        <td>0.032</td>
        <td>"use3", "admin"</td>
        <td></td>
        <td>
                    </td>
        <td></td>
        <td></td>
        <td>
                    </td>
        <tr>
        <td>11</td>
        <td>passedloginTest
            </td>
        <td>login.LoginTest</td>
        <td>0.408</td>
        <td>"admin", "admin"</td>
        <td></td>
        <td>
                    </td>
        <td></td>
        <td></td>
        <td>
                    </td>
        <tr>
        <td>12</td>
        <td>getExampleTest
            </td>
        <td>example.GetExample</td>
        <td>0.109</td>
        <td></td>
        <td></td>
        <td>
                    </td>
        <td></td>
        <td></td>
        <td>
                    </td>
        <tr>
        <td>13</td>
        <td>deleteExampleTest
            </td>
        <td>example.DeleteExapmle</td>
        <td>0.047</td>
        <td></td>
        <td></td>
        <td>
                    </td>
        <td></td>
        <td></td>
        <td>
                    </td>
        <tr>
        <td>14</td>
        <td>postExampleTest
            </td>
        <td>example.PostExample</td>
        <td>0.046</td>
        <td></td>
        <td></td>
        <td>
                    </td>
        <td></td>
        <td></td>
        <td>
                    </td>
        <tr>
        <td>15</td>
        <td>putExampleTest
            </td>
        <td>example.PutExample</td>
        <td>0.032</td>
        <td></td>
        <td></td>
        <td>
                    </td>
        <td></td>
        <td></td>
        <td>
                    </td>
        <tr>
        <td>16</td>
        <td>getBicycleInfoTest
            </td>
        <td>store.BicycleInfoTest</td>
        <td>0.078</td>
        <td></td>
        <td></td>
        <td>
                    </td>
        <td></td>
        <td></td>
        <td>
                    </td>
        <tr>
        <td>17</td>
        <td>getBookInfoTest
            </td>
        <td>store.BookInfoTest</td>
        <td>0.031</td>
        <td></td>
        <td></td>
        <td>
                    </td>
        <td></td>
        <td></td>
        <td>
                    </td>
        <tr>
        <td>18</td>
        <td>getWinnerIdTest
            </td>
        <td>store.BookInfoTest</td>
        <td>0.031</td>
        <td></td>
        <td></td>
        <td>
                    </td>
        <td></td>
        <td></td>
        <td>
                    </td>
    </tr>

</table>
<br/>


<br/><br/>

<table border="1">
    <tr>
        <th>FailedTests</th>
        <th colspan="9" class="header suite">
            <div >
                <a>Failed tests info</a>
            </div>
        </th>
    </tr>
    <tr class="columnHeadings">
        <td> </td>
        <th>testName</th>
        <th>className</th>
        <th>duration</th>
        <th>params</th>
        <th>description</th>
        <th>output</th>
        <th>dependMethod</th>
        <th>throwable</th>
        <th>stackTrace</th>
    </tr>

        <tr>
        <td>1</td>
        <td>errorExampleTest</td>
        <td>failed.ErrorExampleTest</td>
        <td>0.016</td>
        <td></td>
        <td></td>
        <td>
                    </td>
        <td></td>
        <td>java.lang.AssertionError: error occurred</td>
        <td>
                                                org.testng.Assert.fail(Assert.java:94)<br/>
                                    tools.AssertTool.assertEqualsInt(AssertTool.java:25)<br/>
                                    failed.ErrorExampleTest.errorExampleTest(ErrorExampleTest.java:29)<br/>
                                    sun.reflect.NativeMethodAccessorImpl.invoke0(Native Method)<br/>
                                    sun.reflect.NativeMethodAccessorImpl.invoke(NativeMethodAccessorImpl.java:57)<br/>
                                    sun.reflect.DelegatingMethodAccessorImpl.invoke(DelegatingMethodAccessorImpl.java:43)<br/>
                                    java.lang.reflect.Method.invoke(Method.java:606)<br/>
                                    org.testng.internal.MethodInvocationHelper.invokeMethod(MethodInvocationHelper.java:85)<br/>
                                    org.testng.internal.Invoker.invokeMethod(Invoker.java:639)<br/>
                                    org.testng.internal.Invoker.invokeTestMethod(Invoker.java:816)<br/>
                                    org.testng.internal.Invoker.invokeTestMethods(Invoker.java:1124)<br/>
                                    org.testng.internal.TestMethodWorker.invokeTestMethods(TestMethodWorker.java:125)<br/>
                                    org.testng.internal.TestMethodWorker.run(TestMethodWorker.java:108)<br/>
                                    org.testng.TestRunner.privateRun(TestRunner.java:774)<br/>
                                    org.testng.TestRunner.run(TestRunner.java:624)<br/>
                                    org.testng.SuiteRunner.runTest(SuiteRunner.java:359)<br/>
                                    org.testng.SuiteRunner.runSequentially(SuiteRunner.java:354)<br/>
                                    org.testng.SuiteRunner.privateRun(SuiteRunner.java:312)<br/>
                                    org.testng.SuiteRunner.run(SuiteRunner.java:261)<br/>
                                    org.testng.SuiteRunnerWorker.runSuite(SuiteRunnerWorker.java:52)<br/>
                                    org.testng.SuiteRunnerWorker.run(SuiteRunnerWorker.java:86)<br/>
                                    org.testng.TestNG.runSuitesSequentially(TestNG.java:1215)<br/>
                                    org.testng.TestNG.runSuitesLocally(TestNG.java:1140)<br/>
                                    org.testng.TestNG.run(TestNG.java:1048)<br/>
                                    org.testng.IDEARemoteTestNG.run(IDEARemoteTestNG.java:72)<br/>
                                    org.testng.RemoteTestNGStarter.main(RemoteTestNGStarter.java:123)<br/>
                                    </td>
    </tr>


</table>

