<?xml version="1.0" encoding="UTF-8"?>
<!-- Generated by org.testng.reporters.JUnitXMLReporter -->
<testsuite hostname="X-CDN-QUANH" name="getExample" tests="19" failures="1" timestamp="15 Aug 2018 10:08:38 GMT" time="3.768" errors="0">
  <testcase name="errorPwdLoginTest" time="1.062" classname="login.LoginTest"/>
  <testcase name="errorPwdLoginTest" time="0.032" classname="login.LoginTest"/>
  <testcase name="errorPwdLoginTest" time="0.031" classname="login.LoginTest"/>
  <testcase name="errorPwdLoginTest" time="0.031" classname="login.LoginTest"/>
  <testcase name="errorPwdLoginTest" time="0.031" classname="login.LoginTest"/>
  <testcase name="errorPwdLoginTest" time="0.016" classname="login.LoginTest"/>
  <testcase name="errorPwdLoginTest" time="0.031" classname="login.LoginTest"/>
  <testcase name="errorUserNameLoginTest" time="0.031" classname="login.LoginTest"/>
  <testcase name="errorUserNameLoginTest" time="0.031" classname="login.LoginTest"/>
  <testcase name="errorUserNameLoginTest" time="0.032" classname="login.LoginTest"/>
  <testcase name="passedloginTest" time="0.408" classname="login.LoginTest"/>
  <testcase name="getExampleTest" time="0.109" classname="example.GetExample"/>
  <testcase name="deleteExampleTest" time="0.047" classname="example.DeleteExapmle"/>
  <testcase name="postExampleTest" time="0.046" classname="example.PostExample"/>
  <testcase name="putExampleTest" time="0.032" classname="example.PutExample"/>
  <testcase name="getBicycleInfoTest" time="0.078" classname="store.BicycleInfoTest"/>
  <testcase name="getBookInfoTest" time="0.031" classname="store.BookInfoTest"/>
  <testcase name="getWinnerIdTest" time="0.031" classname="store.BookInfoTest"/>
  <testcase name="errorExampleTest" time="0.016" classname="failed.ErrorExampleTest">
    <failure type="java.lang.AssertionError" message="error occurred">
      <![CDATA[java.lang.AssertionError: error occurred
	at tools.AssertTool.assertEqualsInt(AssertTool.java:25)
	at failed.ErrorExampleTest.errorExampleTest(ErrorExampleTest.java:29)
... Removed 24 stack frames]]>
    </failure>
  </testcase> <!-- errorExampleTest -->
</testsuite> <!-- getExample -->
