<html>
<head>
<title>TestNG:  getExample</title>
<link href="../testng.css" rel="stylesheet" type="text/css" />
<link href="../my-testng.css" rel="stylesheet" type="text/css" />

<style type="text/css">
.log { display: none;} 
.stack-trace { display: none;} 
</style>
<script type="text/javascript">
<!--
function flip(e) {
  current = e.style.display;
  if (current == 'block') {
    e.style.display = 'none';
    return 0;
  }
  else {
    e.style.display = 'block';
    return 1;
  }
}

function toggleBox(szDivId, elem, msg1, msg2)
{
  var res = -1;  if (document.getElementById) {
    res = flip(document.getElementById(szDivId));
  }
  else if (document.all) {
    // this is the way old msie versions work
    res = flip(document.all[szDivId]);
  }
  if(elem) {
    if(res == 0) elem.innerHTML = msg1; else elem.innerHTML = msg2;
  }

}

function toggleAllBoxes() {
  if (document.getElementsByTagName) {
    d = document.getElementsByTagName('div');
    for (i = 0; i < d.length; i++) {
      if (d[i].className == 'log') {
        flip(d[i]);
      }
    }
  }
}

// -->
</script>

</head>
<body>
<h2 align='center'>getExample</h2><table border='1' align="center">
<tr>
<td>Tests passed/Failed/Skipped:</td><td>18/1/0</td>
</tr><tr>
<td>Started on:</td><td>Wed Aug 15 18:08:34 CST 2018</td>
</tr>
<tr><td>Total time:</td><td>3 seconds (3768 ms)</td>
</tr><tr>
<td>Included groups:</td><td></td>
</tr><tr>
<td>Excluded groups:</td><td></td>
</tr>
</table><p/>
<small><i>(Hover the method name to see the test class name)</i></small><p/>
<table width='100%' border='1' class='invocation-failed'>
<tr><td colspan='4' align='center'><b>FAILED TESTS</b></td></tr>
<tr><td><b>Test method</b></td>
<td width="30%"><b>Exception</b></td>
<td width="10%"><b>Time (seconds)</b></td>
<td><b>Instance</b></td>
</tr>
<tr>
<td title='failed.ErrorExampleTest.errorExampleTest()'><b>errorExampleTest</b><br>Test class: failed.ErrorExampleTest</td>
<td><div><pre>java.lang.AssertionError: error occurred
	at tools.AssertTool.assertEqualsInt(AssertTool.java:25)
	at failed.ErrorExampleTest.errorExampleTest(ErrorExampleTest.java:29)
... Removed 24 stack frames</pre></div><a href='#' onClick='toggleBox("stack-trace1142277168", this, "Click to show all stack frames", "Click to hide stack frames")'>Click to show all stack frames</a>
<div class='stack-trace' id='stack-trace1142277168'><pre>java.lang.AssertionError: error occurred
	at org.testng.Assert.fail(Assert.java:94)
	at tools.AssertTool.assertEqualsInt(AssertTool.java:25)
	at failed.ErrorExampleTest.errorExampleTest(ErrorExampleTest.java:29)
	at sun.reflect.NativeMethodAccessorImpl.invoke0(Native Method)
	at sun.reflect.NativeMethodAccessorImpl.invoke(NativeMethodAccessorImpl.java:57)
	at sun.reflect.DelegatingMethodAccessorImpl.invoke(DelegatingMethodAccessorImpl.java:43)
	at java.lang.reflect.Method.invoke(Method.java:606)
	at org.testng.internal.MethodInvocationHelper.invokeMethod(MethodInvocationHelper.java:85)
	at org.testng.internal.Invoker.invokeMethod(Invoker.java:639)
	at org.testng.internal.Invoker.invokeTestMethod(Invoker.java:816)
	at org.testng.internal.Invoker.invokeTestMethods(Invoker.java:1124)
	at org.testng.internal.TestMethodWorker.invokeTestMethods(TestMethodWorker.java:125)
	at org.testng.internal.TestMethodWorker.run(TestMethodWorker.java:108)
	at org.testng.TestRunner.privateRun(TestRunner.java:774)
	at org.testng.TestRunner.run(TestRunner.java:624)
	at org.testng.SuiteRunner.runTest(SuiteRunner.java:359)
	at org.testng.SuiteRunner.runSequentially(SuiteRunner.java:354)
	at org.testng.SuiteRunner.privateRun(SuiteRunner.java:312)
	at org.testng.SuiteRunner.run(SuiteRunner.java:261)
	at org.testng.SuiteRunnerWorker.runSuite(SuiteRunnerWorker.java:52)
	at org.testng.SuiteRunnerWorker.run(SuiteRunnerWorker.java:86)
	at org.testng.TestNG.runSuitesSequentially(TestNG.java:1215)
	at org.testng.TestNG.runSuitesLocally(TestNG.java:1140)
	at org.testng.TestNG.run(TestNG.java:1048)
	at org.testng.IDEARemoteTestNG.run(IDEARemoteTestNG.java:72)
	at org.testng.RemoteTestNGStarter.main(RemoteTestNGStarter.java:123)
</pre></div></td>
<td>0</td>
<td>failed.ErrorExampleTest@6b776b55</td></tr>
</table><p>
<table width='100%' border='1' class='invocation-passed'>
<tr><td colspan='4' align='center'><b>PASSED TESTS</b></td></tr>
<tr><td><b>Test method</b></td>
<td width="30%"><b>Exception</b></td>
<td width="10%"><b>Time (seconds)</b></td>
<td><b>Instance</b></td>
</tr>
<tr>
<td title='example.DeleteExapmle.deleteExampleTest()'><b>deleteExampleTest</b><br>Test class: example.DeleteExapmle</td>
<td></td>
<td>0</td>
<td>example.DeleteExapmle@31818dbc</td></tr>
<tr>
<td title='login.LoginTest.errorPwdLoginTest()'><b>errorPwdLoginTest</b><br>Test class: login.LoginTest<br>Test method: 描述内容<br>Parameters: /login/test, {
     username:admin,
     password:admin1
}, access_token, rSWamyAYwuHCo7IFAgd1oRpSP7nzL7BF5t7ItqpKViM, JSESSIONID, null</td>
<td></td>
<td>1</td>
<td>login.LoginTest@49940c14</td></tr>
<tr>
<td title='login.LoginTest.errorPwdLoginTest()'><b>errorPwdLoginTest</b><br>Test class: login.LoginTest<br>Test method: 描述内容<br>Parameters: /login/test, {
     username:admin,
     password:admin2
}, access_token, rSWamyAYwuHCo7IFAgd1oRpSP7nzL7BF5t8ItqpKViM, JSESSIONID, null</td>
<td></td>
<td>0</td>
<td>login.LoginTest@49940c14</td></tr>
<tr>
<td title='login.LoginTest.errorPwdLoginTest()'><b>errorPwdLoginTest</b><br>Test class: login.LoginTest<br>Test method: 描述内容<br>Parameters: /login/test, {
     username:admin,
     password:admin3
}, access_token, rSWamyAYwuHCo7IFAgd1oRpSP7nzL7BF5t9ItqpKViM, JSESSIONID, null</td>
<td></td>
<td>0</td>
<td>login.LoginTest@49940c14</td></tr>
<tr>
<td title='login.LoginTest.errorPwdLoginTest()'><b>errorPwdLoginTest</b><br>Test class: login.LoginTest<br>Test method: 描述内容<br>Parameters: /login/test, {
     username:admin,
     password:admin4
}, access_token, rSWamyAYwuHCo7IFAgd1oRpSP7nzL7BF5t10ItqpKViM, JSESSIONID, null</td>
<td></td>
<td>0</td>
<td>login.LoginTest@49940c14</td></tr>
<tr>
<td title='login.LoginTest.errorPwdLoginTest()'><b>errorPwdLoginTest</b><br>Test class: login.LoginTest<br>Test method: 描述内容<br>Parameters: /login/test, {
     username:admin,
     password:admin5
}, access_token, rSWamyAYwuHCo7IFAgd1oRpSP7nzL7BF5t11ItqpKViM, JSESSIONID, null</td>
<td></td>
<td>0</td>
<td>login.LoginTest@49940c14</td></tr>
<tr>
<td title='login.LoginTest.errorPwdLoginTest()'><b>errorPwdLoginTest</b><br>Test class: login.LoginTest<br>Test method: 描述内容<br>Parameters: /login/test, {
     username:admin,
     password:admin6
}, access_token, rSWamyAYwuHCo7IFAgd1oRpSP7nzL7BF5t12ItqpKViM, JSESSIONID, null</td>
<td></td>
<td>0</td>
<td>login.LoginTest@49940c14</td></tr>
<tr>
<td title='login.LoginTest.errorPwdLoginTest()'><b>errorPwdLoginTest</b><br>Test class: login.LoginTest<br>Test method: 描述内容<br>Parameters: /login/test, {
     username:admin,
     password:admin7
}, access_token, rSWamyAYwuHCo7IFAgd1oRpSP7nzL7BF5t13ItqpKViM, JSESSIONID, null</td>
<td></td>
<td>0</td>
<td>login.LoginTest@49940c14</td></tr>
<tr>
<td title='login.LoginTest.errorUserNameLoginTest()'><b>errorUserNameLoginTest</b><br>Test class: login.LoginTest<br>Parameters: user1, admin</td>
<td></td>
<td>0</td>
<td>login.LoginTest@49940c14</td></tr>
<tr>
<td title='login.LoginTest.errorUserNameLoginTest()'><b>errorUserNameLoginTest</b><br>Test class: login.LoginTest<br>Parameters: user2, admin</td>
<td></td>
<td>0</td>
<td>login.LoginTest@49940c14</td></tr>
<tr>
<td title='login.LoginTest.errorUserNameLoginTest()'><b>errorUserNameLoginTest</b><br>Test class: login.LoginTest<br>Parameters: use3, admin</td>
<td></td>
<td>0</td>
<td>login.LoginTest@49940c14</td></tr>
<tr>
<td title='store.BicycleInfoTest.getBicycleInfoTest()'><b>getBicycleInfoTest</b><br>Test class: store.BicycleInfoTest</td>
<td></td>
<td>0</td>
<td>store.BicycleInfoTest@78d7a8bb</td></tr>
<tr>
<td title='store.BookInfoTest.getBookInfoTest()'><b>getBookInfoTest</b><br>Test class: store.BookInfoTest</td>
<td></td>
<td>0</td>
<td>store.BookInfoTest@1686caf8</td></tr>
<tr>
<td title='example.GetExample.getExampleTest()'><b>getExampleTest</b><br>Test class: example.GetExample</td>
<td></td>
<td>0</td>
<td>example.GetExample@16a51ac9</td></tr>
<tr>
<td title='store.BookInfoTest.getWinnerIdTest()'><b>getWinnerIdTest</b><br>Test class: store.BookInfoTest</td>
<td></td>
<td>0</td>
<td>store.BookInfoTest@1686caf8</td></tr>
<tr>
<td title='login.LoginTest.passedloginTest()'><b>passedloginTest</b><br>Test class: login.LoginTest<br>Parameters: admin, admin</td>
<td></td>
<td>0</td>
<td>login.LoginTest@49940c14</td></tr>
<tr>
<td title='example.PostExample.postExampleTest()'><b>postExampleTest</b><br>Test class: example.PostExample</td>
<td></td>
<td>0</td>
<td>example.PostExample@30804b08</td></tr>
<tr>
<td title='example.PutExample.putExampleTest()'><b>putExampleTest</b><br>Test class: example.PutExample</td>
<td></td>
<td>0</td>
<td>example.PutExample@36be1318</td></tr>
</table><p>
</body>
</html>