<html>
<head>
<title>TestNG:  loginTest</title>
<link href="../testng.css" rel="stylesheet" type="text/css" />
<link href="../my-testng.css" rel="stylesheet" type="text/css" />

<style type="text/css">
.log { display: none;} 
.stack-trace { display: none;} 
</style>
<script type="text/javascript">
<!--
function flip(e) {
  current = e.style.display;
  if (current == 'block') {
    e.style.display = 'none';
    return 0;
  }
  else {
    e.style.display = 'block';
    return 1;
  }
}

function toggleBox(szDivId, elem, msg1, msg2)
{
  var res = -1;  if (document.getElementById) {
    res = flip(document.getElementById(szDivId));
  }
  else if (document.all) {
    // this is the way old msie versions work
    res = flip(document.all[szDivId]);
  }
  if(elem) {
    if(res == 0) elem.innerHTML = msg1; else elem.innerHTML = msg2;
  }

}

function toggleAllBoxes() {
  if (document.getElementsByTagName) {
    d = document.getElementsByTagName('div');
    for (i = 0; i < d.length; i++) {
      if (d[i].className == 'log') {
        flip(d[i]);
      }
    }
  }
}

// -->
</script>

</head>
<body>
<h2 align='center'>loginTest</h2><table border='1' align="center">
<tr>
<td>Tests passed/Failed/Skipped:</td><td>10/0/1</td>
</tr><tr>
<td>Started on:</td><td>Tue Aug 14 09:02:05 CST 2018</td>
</tr>
<tr><td>Total time:</td><td>2 seconds (2704 ms)</td>
</tr><tr>
<td>Included groups:</td><td></td>
</tr><tr>
<td>Excluded groups:</td><td></td>
</tr>
</table><p/>
<small><i>(Hover the method name to see the test class name)</i></small><p/>
<table width='100%' border='1' class='invocation-passed'>
<tr><td colspan='4' align='center'><b>PASSED TESTS</b></td></tr>
<tr><td><b>Test method</b></td>
<td width="30%"><b>Exception</b></td>
<td width="10%"><b>Time (seconds)</b></td>
<td><b>Instance</b></td>
</tr>
<tr>
<td title='login.LoginTest.errorPwdLoginTest()'><b>errorPwdLoginTest</b><br>Test class: login.LoginTest<br>Test method: 描述内容<br>Parameters: /login/test, {
     username:admin,
     password:admin1
}, access_token, rSWamyAYwuHCo7IFAgd1oRpSP7nzL7BF5t7ItqpKViM, JSESSIONID, null</td>
<td></td>
<td>0</td>
<td>login.LoginTest@76ff3813</td></tr>
<tr>
<td title='login.LoginTest.errorPwdLoginTest()'><b>errorPwdLoginTest</b><br>Test class: login.LoginTest<br>Test method: 描述内容<br>Parameters: /login/test, {
     username:admin,
     password:admin2
}, access_token, rSWamyAYwuHCo7IFAgd1oRpSP7nzL7BF5t8ItqpKViM, JSESSIONID, null</td>
<td></td>
<td>0</td>
<td>login.LoginTest@76ff3813</td></tr>
<tr>
<td title='login.LoginTest.errorPwdLoginTest()'><b>errorPwdLoginTest</b><br>Test class: login.LoginTest<br>Test method: 描述内容<br>Parameters: /login/test, {
     username:admin,
     password:admin3
}, access_token, rSWamyAYwuHCo7IFAgd1oRpSP7nzL7BF5t9ItqpKViM, JSESSIONID, null</td>
<td></td>
<td>0</td>
<td>login.LoginTest@76ff3813</td></tr>
<tr>
<td title='login.LoginTest.errorPwdLoginTest()'><b>errorPwdLoginTest</b><br>Test class: login.LoginTest<br>Test method: 描述内容<br>Parameters: /login/test, {
     username:admin,
     password:admin4
}, access_token, rSWamyAYwuHCo7IFAgd1oRpSP7nzL7BF5t10ItqpKViM, JSESSIONID, null</td>
<td></td>
<td>0</td>
<td>login.LoginTest@76ff3813</td></tr>
<tr>
<td title='login.LoginTest.errorPwdLoginTest()'><b>errorPwdLoginTest</b><br>Test class: login.LoginTest<br>Test method: 描述内容<br>Parameters: /login/test, {
     username:admin,
     password:admin5
}, access_token, rSWamyAYwuHCo7IFAgd1oRpSP7nzL7BF5t11ItqpKViM, JSESSIONID, null</td>
<td></td>
<td>0</td>
<td>login.LoginTest@76ff3813</td></tr>
<tr>
<td title='login.LoginTest.errorPwdLoginTest()'><b>errorPwdLoginTest</b><br>Test class: login.LoginTest<br>Test method: 描述内容<br>Parameters: /login/test, {
     username:admin,
     password:admin6
}, access_token, rSWamyAYwuHCo7IFAgd1oRpSP7nzL7BF5t12ItqpKViM, JSESSIONID, null</td>
<td></td>
<td>0</td>
<td>login.LoginTest@76ff3813</td></tr>
<tr>
<td title='login.LoginTest.errorPwdLoginTest()'><b>errorPwdLoginTest</b><br>Test class: login.LoginTest<br>Test method: 描述内容<br>Parameters: /login/test, {
     username:admin,
     password:admin7
}, access_token, rSWamyAYwuHCo7IFAgd1oRpSP7nzL7BF5t13ItqpKViM, JSESSIONID, null</td>
<td></td>
<td>0</td>
<td>login.LoginTest@76ff3813</td></tr>
<tr>
<td title='login.LoginTest.errorUserNameLoginTest()'><b>errorUserNameLoginTest</b><br>Test class: login.LoginTest<br>Parameters: user1, admin</td>
<td></td>
<td>0</td>
<td>login.LoginTest@76ff3813</td></tr>
<tr>
<td title='login.LoginTest.errorUserNameLoginTest()'><b>errorUserNameLoginTest</b><br>Test class: login.LoginTest<br>Parameters: user2, admin</td>
<td></td>
<td>0</td>
<td>login.LoginTest@76ff3813</td></tr>
<tr>
<td title='login.LoginTest.errorUserNameLoginTest()'><b>errorUserNameLoginTest</b><br>Test class: login.LoginTest<br>Parameters: use3, admin</td>
<td></td>
<td>0</td>
<td>login.LoginTest@76ff3813</td></tr>
</table><p>
<table width='100%' border='1' class='invocation-skipped'>
<tr><td colspan='4' align='center'><b>SKIPPED TESTS</b></td></tr>
<tr><td><b>Test method</b></td>
<td width="30%"><b>Exception</b></td>
<td width="10%"><b>Time (seconds)</b></td>
<td><b>Instance</b></td>
</tr>
<tr>
<td title='login.LoginTest.passedloginTest()'><b>passedloginTest</b><br>Test class: login.LoginTest</td>
<td><div><pre>org.testng.TestNGException: 
Method passedloginTest requires 2 parameters but 0 were supplied in the @Test annotation.
... Removed 22 stack frames</pre></div><a href='#' onClick='toggleBox("stack-trace819315159", this, "Click to show all stack frames", "Click to hide stack frames")'>Click to show all stack frames</a>
<div class='stack-trace' id='stack-trace819315159'><pre>org.testng.TestNGException: 
Method passedloginTest requires 2 parameters but 0 were supplied in the @Test annotation.
	at org.testng.internal.Parameters.checkParameterTypes(Parameters.java:191)
	at org.testng.internal.Parameters.createParameters(Parameters.java:127)
	at org.testng.internal.Parameters.createParameters(Parameters.java:376)
	at org.testng.internal.Parameters.handleParameters(Parameters.java:451)
	at org.testng.internal.Invoker.handleParameters(Invoker.java:1270)
	at org.testng.internal.Invoker.createParameters(Invoker.java:985)
	at org.testng.internal.Invoker.invokeTestMethods(Invoker.java:1075)
	at org.testng.internal.TestMethodWorker.invokeTestMethods(TestMethodWorker.java:125)
	at org.testng.internal.TestMethodWorker.run(TestMethodWorker.java:108)
	at org.testng.TestRunner.privateRun(TestRunner.java:774)
	at org.testng.TestRunner.run(TestRunner.java:624)
	at org.testng.SuiteRunner.runTest(SuiteRunner.java:359)
	at org.testng.SuiteRunner.runSequentially(SuiteRunner.java:354)
	at org.testng.SuiteRunner.privateRun(SuiteRunner.java:312)
	at org.testng.SuiteRunner.run(SuiteRunner.java:261)
	at org.testng.SuiteRunnerWorker.runSuite(SuiteRunnerWorker.java:52)
	at org.testng.SuiteRunnerWorker.run(SuiteRunnerWorker.java:86)
	at org.testng.TestNG.runSuitesSequentially(TestNG.java:1215)
	at org.testng.TestNG.runSuitesLocally(TestNG.java:1140)
	at org.testng.TestNG.run(TestNG.java:1048)
	at org.testng.IDEARemoteTestNG.run(IDEARemoteTestNG.java:72)
	at org.testng.RemoteTestNGStarter.main(RemoteTestNGStarter.java:123)
</pre></div></td>
<td>0</td>
<td>login.LoginTest@76ff3813</td></tr>
</table><p>
</body>
</html>