<?xml version="1.0" encoding="UTF-8"?>
<testng-results skipped="0" failed="1" total="8" passed="7">
  <reporter-output>
  </reporter-output>
  <suite name="test" duration-ms="2899" started-at="2017-05-02T03:02:06Z" finished-at="2017-05-02T03:02:08Z">
    <groups>
    </groups>
    <test name="getExample" duration-ms="2899" started-at="2017-05-02T03:02:06Z" finished-at="2017-05-02T03:02:08Z">
      <class name="example.PutExample">
        <test-method status="PASS" signature="init()[pri:0, instance:example.PutExample@7d417077]" name="init" is-config="true" duration-ms="0" started-at="2017-05-02T11:02:08Z" finished-at="2017-05-02T11:02:08Z">
          <reporter-output>
          </reporter-output>
        </test-method> <!-- init -->
        <test-method status="PASS" signature="putExampleTest()[pri:0, instance:example.PutExample@7d417077]" name="putExampleTest" duration-ms="23" started-at="2017-05-02T11:02:08Z" finished-at="2017-05-02T11:02:08Z">
          <reporter-output>
          </reporter-output>
        </test-method> <!-- putExampleTest -->
      </class> <!-- example.PutExample -->
      <class name="example.PostExample">
        <test-method status="PASS" signature="postExampleTest()[pri:0, instance:example.PostExample@75bd9247]" name="postExampleTest" duration-ms="59" started-at="2017-05-02T11:02:08Z" finished-at="2017-05-02T11:02:08Z">
          <reporter-output>
          </reporter-output>
        </test-method> <!-- postExampleTest -->
        <test-method status="PASS" signature="init()[pri:0, instance:example.PostExample@75bd9247]" name="init" is-config="true" duration-ms="0" started-at="2017-05-02T11:02:08Z" finished-at="2017-05-02T11:02:08Z">
          <reporter-output>
          </reporter-output>
        </test-method> <!-- init -->
      </class> <!-- example.PostExample -->
      <class name="store.BicycleInfoTest">
        <test-method status="PASS" signature="init()[pri:0, instance:store.BicycleInfoTest@7dc36524]" name="init" is-config="true" duration-ms="0" started-at="2017-05-02T11:02:08Z" finished-at="2017-05-02T11:02:08Z">
          <reporter-output>
          </reporter-output>
        </test-method> <!-- init -->
        <test-method status="PASS" signature="getBicycleInfoTest()[pri:0, instance:store.BicycleInfoTest@7dc36524]" name="getBicycleInfoTest" duration-ms="40" started-at="2017-05-02T11:02:08Z" finished-at="2017-05-02T11:02:08Z">
          <reporter-output>
          </reporter-output>
        </test-method> <!-- getBicycleInfoTest -->
      </class> <!-- store.BicycleInfoTest -->
      <class name="failed.ErrorExampleTest">
        <test-method status="PASS" signature="init()[pri:0, instance:failed.ErrorExampleTest@2c8d66b2]" name="init" is-config="true" duration-ms="1" started-at="2017-05-02T11:02:08Z" finished-at="2017-05-02T11:02:08Z">
          <reporter-output>
          </reporter-output>
        </test-method> <!-- init -->
        <test-method status="FAIL" signature="errorExampleTest()[pri:0, instance:failed.ErrorExampleTest@2c8d66b2]" name="errorExampleTest" duration-ms="23" started-at="2017-05-02T11:02:08Z" finished-at="2017-05-02T11:02:08Z">
          <exception class="java.lang.AssertionError">
            <message>
              <![CDATA[返回码错误！]]>
            </message>
            <full-stacktrace>
              <![CDATA[java.lang.AssertionError: 返回码错误！
	at org.testng.Assert.fail(Assert.java:94)
	at tools.AssertTool.assertEqualsInt(AssertTool.java:24)
	at failed.ErrorExampleTest.errorExampleTest(ErrorExampleTest.java:27)
	at sun.reflect.NativeMethodAccessorImpl.invoke0(Native Method)
	at sun.reflect.NativeMethodAccessorImpl.invoke(NativeMethodAccessorImpl.java:62)
	at sun.reflect.DelegatingMethodAccessorImpl.invoke(DelegatingMethodAccessorImpl.java:43)
	at java.lang.reflect.Method.invoke(Method.java:498)
	at org.testng.internal.MethodInvocationHelper.invokeMethod(MethodInvocationHelper.java:85)
	at org.testng.internal.Invoker.invokeMethod(Invoker.java:639)
	at org.testng.internal.Invoker.invokeTestMethod(Invoker.java:816)
	at org.testng.internal.Invoker.invokeTestMethods(Invoker.java:1124)
	at org.testng.internal.TestMethodWorker.invokeTestMethods(TestMethodWorker.java:125)
	at org.testng.internal.TestMethodWorker.run(TestMethodWorker.java:108)
	at org.testng.TestRunner.privateRun(TestRunner.java:774)
	at org.testng.TestRunner.run(TestRunner.java:624)
	at org.testng.SuiteRunner.runTest(SuiteRunner.java:359)
	at org.testng.SuiteRunner.runSequentially(SuiteRunner.java:354)
	at org.testng.SuiteRunner.privateRun(SuiteRunner.java:312)
	at org.testng.SuiteRunner.run(SuiteRunner.java:261)
	at org.testng.SuiteRunnerWorker.runSuite(SuiteRunnerWorker.java:52)
	at org.testng.SuiteRunnerWorker.run(SuiteRunnerWorker.java:86)
	at org.testng.TestNG.runSuitesSequentially(TestNG.java:1215)
	at org.testng.TestNG.runSuitesLocally(TestNG.java:1140)
	at org.testng.TestNG.run(TestNG.java:1048)
	at org.testng.remote.RemoteTestNG.run(RemoteTestNG.java:112)
	at org.testng.remote.RemoteTestNG.initAndRun(RemoteTestNG.java:205)
	at org.testng.remote.RemoteTestNG.main(RemoteTestNG.java:176)
	at org.testng.RemoteTestNGStarter.main(RemoteTestNGStarter.java:125)
	at sun.reflect.NativeMethodAccessorImpl.invoke0(Native Method)
	at sun.reflect.NativeMethodAccessorImpl.invoke(NativeMethodAccessorImpl.java:62)
	at sun.reflect.DelegatingMethodAccessorImpl.invoke(DelegatingMethodAccessorImpl.java:43)
	at java.lang.reflect.Method.invoke(Method.java:498)
	at com.intellij.rt.execution.application.AppMain.main(AppMain.java:134)
]]>
            </full-stacktrace>
          </exception> <!-- java.lang.AssertionError -->
          <reporter-output>
          </reporter-output>
        </test-method> <!-- errorExampleTest -->
      </class> <!-- failed.ErrorExampleTest -->
      <class name="login.LoginTest">
        <test-method status="PASS" signature="init()[pri:0, instance:login.LoginTest@2ff4f00f]" name="init" is-config="true" duration-ms="755" started-at="2017-05-02T11:02:06Z" finished-at="2017-05-02T11:02:06Z">
          <reporter-output>
          </reporter-output>
        </test-method> <!-- init -->
        <test-method status="PASS" signature="loginTest()[pri:0, instance:login.LoginTest@2ff4f00f]" name="loginTest" duration-ms="1779" started-at="2017-05-02T11:02:06Z" finished-at="2017-05-02T11:02:08Z">
          <reporter-output>
          </reporter-output>
        </test-method> <!-- loginTest -->
      </class> <!-- login.LoginTest -->
      <class name="store.BookInfoTest">
        <test-method status="PASS" signature="init()[pri:0, instance:store.BookInfoTest@35bbe5e8]" name="init" is-config="true" duration-ms="0" started-at="2017-05-02T11:02:08Z" finished-at="2017-05-02T11:02:08Z">
          <reporter-output>
          </reporter-output>
        </test-method> <!-- init -->
        <test-method status="PASS" signature="getBookInfoTest()[pri:0, instance:store.BookInfoTest@35bbe5e8]" name="getBookInfoTest" duration-ms="34" started-at="2017-05-02T11:02:08Z" finished-at="2017-05-02T11:02:08Z">
          <reporter-output>
          </reporter-output>
        </test-method> <!-- getBookInfoTest -->
      </class> <!-- store.BookInfoTest -->
      <class name="example.GetExample">
        <test-method status="PASS" signature="init()[pri:0, instance:example.GetExample@c818063]" name="init" is-config="true" duration-ms="0" started-at="2017-05-02T11:02:08Z" finished-at="2017-05-02T11:02:08Z">
          <reporter-output>
          </reporter-output>
        </test-method> <!-- init -->
        <test-method status="PASS" signature="getExampleTest()[pri:0, instance:example.GetExample@c818063]" name="getExampleTest" duration-ms="33" started-at="2017-05-02T11:02:08Z" finished-at="2017-05-02T11:02:08Z">
          <reporter-output>
          </reporter-output>
        </test-method> <!-- getExampleTest -->
      </class> <!-- example.GetExample -->
      <class name="example.DeleteExapmle">
        <test-method status="PASS" signature="deleteExampleTest()[pri:0, instance:example.DeleteExapmle@3f0ee7cb]" name="deleteExampleTest" duration-ms="29" started-at="2017-05-02T11:02:08Z" finished-at="2017-05-02T11:02:08Z">
          <reporter-output>
          </reporter-output>
        </test-method> <!-- deleteExampleTest -->
        <test-method status="PASS" signature="init()[pri:0, instance:example.DeleteExapmle@3f0ee7cb]" name="init" is-config="true" duration-ms="0" started-at="2017-05-02T11:02:08Z" finished-at="2017-05-02T11:02:08Z">
          <reporter-output>
          </reporter-output>
        </test-method> <!-- init -->
      </class> <!-- example.DeleteExapmle -->
    </test> <!-- getExample -->
  </suite> <!-- test -->
</testng-results>
